<?xml version="1.0" encoding="UTF-8"?>
<!-- Generated by org.testng.reporters.JUnitReportReporter -->
<testsuite hostname="DESKTOP-E8DI47H" name="Restassured.JsonPojo" tests="1" failures="0" timestamp="7 May 2021 05:46:21 GMT" time="2.414" errors="0">
  <testcase name="pojoclass" time="2.414" classname="Restassured.JsonPojo"/>
</testsuite> <!-- Restassured.JsonPojo -->
