<?xml version="1.0" encoding="UTF-8"?>
<!-- Generated by org.testng.reporters.JUnitReportReporter -->
<testsuite hostname="DESKTOP-E8DI47H" name="Restassured.Jsonfilecreation" tests="1" failures="0" timestamp="5 May 2021 05:29:28 GMT" time="1.870" errors="0">
  <testcase name="jsonbody" time="1.870" classname="Restassured.Jsonfilecreation"/>
</testsuite> <!-- Restassured.Jsonfilecreation -->
