<?xml version="1.0" encoding="UTF-8"?>
<!-- Generated by org.testng.reporters.JUnitReportReporter -->
<testsuite hostname="DESKTOP-E8DI47H" name="Restassured.Datadriven" tests="2" failures="0" timestamp="7 May 2021 04:18:03 GMT" time="2.122" errors="0">
  <testcase name="method" time="2.081" classname="Restassured.Datadriven"/>
  <testcase name="method" time="0.041" classname="Restassured.Datadriven"/>
</testsuite> <!-- Restassured.Datadriven -->
