<?xml version="1.0" encoding="UTF-8"?>
<!-- Generated by org.testng.reporters.JUnitReportReporter -->
<testsuite hostname="DESKTOP-E8DI47H" name="Restassured.RAfirstproj" tests="1" failures="0" timestamp="4 May 2021 04:45:52 GMT" time="3.059" errors="0">
  <testcase name="firsttest" time="3.059" classname="Restassured.RAfirstproj"/>
</testsuite> <!-- Restassured.RAfirstproj -->
