<?xml version="1.0" encoding="UTF-8"?>
<!-- Generated by org.testng.reporters.JUnitReportReporter -->
<testsuite hostname="DESKTOP-E8DI47H" name="Restassured.payload" tests="1" failures="0" timestamp="10 May 2021 05:55:56 GMT" time="2.967" errors="0">
  <testcase name="second" time="2.967" classname="Restassured.payload"/>
</testsuite> <!-- Restassured.payload -->
