<?xml version="1.0" encoding="UTF-8"?>
<!-- Generated by org.testng.reporters.JUnitReportReporter -->
<testsuite hostname="DESKTOP-E8DI47H" name="Restassured.exceldata" tests="3" failures="0" timestamp="10 May 2021 05:14:17 GMT" time="1.942" errors="0">
  <testcase name="method" time="0.046" classname="Restassured.exceldata"/>
  <testcase name="method" time="1.849" classname="Restassured.exceldata"/>
  <testcase name="method" time="0.047" classname="Restassured.exceldata"/>
</testsuite> <!-- Restassured.exceldata -->
