<?xml version="1.0" encoding="UTF-8"?>
<!-- Generated by org.testng.reporters.JUnitReportReporter -->
<testsuite hostname="DESKTOP-E8DI47H" name="test.Testcase2" tests="1" failures="0" timestamp="10 May 2021 05:54:21 GMT" time="2.883" errors="0">
  <testcase name="second" time="2.883" classname="test.Testcase2"/>
</testsuite> <!-- test.Testcase2 -->
