<?xml version="1.0" encoding="UTF-8"?>
<!-- Generated by org.testng.reporters.JUnitReportReporter -->
<testsuite hostname="DESKTOP-E8DI47H" name="test.Testcase1" tests="4" failures="0" timestamp="10 May 2021 05:50:59 GMT" time="1.743" errors="0">
  <testcase name="method" time="1.610" classname="test.Testcase1"/>
  <testcase name="method" time="0.046" classname="test.Testcase1"/>
  <testcase name="method" time="0.043" classname="test.Testcase1"/>
  <testcase name="method" time="0.044" classname="test.Testcase1"/>
</testsuite> <!-- test.Testcase1 -->
