<?xml version="1.0" encoding="UTF-8"?>
<!-- Generated by org.testng.reporters.JUnitReportReporter -->
<testsuite hostname="DESKTOP-E8DI47H" name="Restassured.Jsonobject" tests="1" failures="0" timestamp="6 May 2021 04:14:34 GMT" time="0.546" errors="0">
  <testcase name="json" time="0.546" classname="Restassured.Jsonobject"/>
</testsuite> <!-- Restassured.Jsonobject -->
